0 info it worked if it ends with ok
1 verbose cli [ 'C:\\Program Files (x86)\\nodejs\\node.exe',
1 verbose cli   'C:\\Program Files (x86)\\Nodist\\bin\\node_modules\\npm\\bin\\npm-cli.js',
1 verbose cli   'install',
1 verbose cli   '--save',
1 verbose cli   'node-libxslt' ]
2 info using npm@2.14.7
3 info using node@v4.2.2
4 verbose install initial load of C:\Users\Ernestukas\Desktop\Relevant_apps\Projects\Simple_Messager\package.json
5 warn package.json simple_xml_messager@0.0.1 No repository field.
6 warn package.json simple_xml_messager@0.0.1 No README data
7 verbose installManyTop reading scoped package data from C:\Users\Ernestukas\Desktop\Relevant_apps\Projects\Simple_Messager\node_modules\body-parser\package.json
8 verbose installManyTop reading scoped package data from C:\Users\Ernestukas\Desktop\Relevant_apps\Projects\Simple_Messager\node_modules\ejs\package.json
9 verbose installManyTop reading scoped package data from C:\Users\Ernestukas\Desktop\Relevant_apps\Projects\Simple_Messager\node_modules\express\package.json
10 verbose installManyTop reading scoped package data from C:\Users\Ernestukas\Desktop\Relevant_apps\Projects\Simple_Messager\node_modules\fs\package.json
11 verbose installManyTop reading scoped package data from C:\Users\Ernestukas\Desktop\Relevant_apps\Projects\Simple_Messager\node_modules\path\package.json
12 verbose installManyTop reading scoped package data from C:\Users\Ernestukas\Desktop\Relevant_apps\Projects\Simple_Messager\node_modules\xmldom\package.json
13 verbose installManyTop reading scoped package data from C:\Users\Ernestukas\Desktop\Relevant_apps\Projects\Simple_Messager\node_modules\xpath\package.json
14 info package.json fs@0.0.2 fs is also the name of a node core module.
15 info package.json fs@0.0.2 No description
16 info package.json fs@0.0.2 No repository field.
17 info package.json fs@0.0.2 No README data
18 info package.json xmldom@0.1.19 No license field.
19 info package.json xpath@0.0.9 No license field.
20 info package.json path@0.12.7 path is also the name of a node core module.
21 verbose readDependencies loading dependencies from C:\Users\Ernestukas\Desktop\Relevant_apps\Projects\Simple_Messager\package.json
22 silly cache add args [ 'node-libxslt', null ]
23 verbose cache add spec node-libxslt
24 silly cache add parsed spec Result {
24 silly cache add   raw: 'node-libxslt',
24 silly cache add   scope: null,
24 silly cache add   name: 'node-libxslt',
24 silly cache add   rawSpec: '',
24 silly cache add   spec: '*',
24 silly cache add   type: 'range' }
25 silly addNamed node-libxslt@*
26 verbose addNamed "*" is a valid semver range for node-libxslt
27 silly addNameRange { name: 'node-libxslt', range: '*', hasData: false }
28 silly mapToRegistry name node-libxslt
29 silly mapToRegistry using default registry
30 silly mapToRegistry registry https://registry.npmjs.org/
31 silly mapToRegistry uri https://registry.npmjs.org/node-libxslt
32 verbose addNameRange registry:https://registry.npmjs.org/node-libxslt not in flight; fetching
33 verbose request uri https://registry.npmjs.org/node-libxslt
34 verbose request no auth needed
35 info attempt registry request try #1 at 4:18:08 PM
36 verbose request id 51f8886291eb91af
37 http request GET https://registry.npmjs.org/node-libxslt
38 http 404 https://registry.npmjs.org/node-libxslt
39 verbose headers { 'content-type': 'application/json',
39 verbose headers   'cache-control': 'max-age=0',
39 verbose headers   'content-length': '2',
39 verbose headers   'accept-ranges': 'bytes',
39 verbose headers   date: 'Sat, 14 Nov 2015 16:18:11 GMT',
39 verbose headers   via: '1.1 varnish',
39 verbose headers   age: '0',
39 verbose headers   connection: 'keep-alive',
39 verbose headers   'x-served-by': 'cache-ams4142-AMS',
39 verbose headers   'x-cache': 'MISS',
39 verbose headers   'x-cache-hits': '0',
39 verbose headers   'x-timer': 'S1447517891.491059,VS0,VE102' }
40 silly get cb [ 404,
40 silly get   { 'content-type': 'application/json',
40 silly get     'cache-control': 'max-age=0',
40 silly get     'content-length': '2',
40 silly get     'accept-ranges': 'bytes',
40 silly get     date: 'Sat, 14 Nov 2015 16:18:11 GMT',
40 silly get     via: '1.1 varnish',
40 silly get     age: '0',
40 silly get     connection: 'keep-alive',
40 silly get     'x-served-by': 'cache-ams4142-AMS',
40 silly get     'x-cache': 'MISS',
40 silly get     'x-cache-hits': '0',
40 silly get     'x-timer': 'S1447517891.491059,VS0,VE102' } ]
41 verbose stack Error: Registry returned 404 for GET on https://registry.npmjs.org/node-libxslt
41 verbose stack     at makeError (C:\Program Files (x86)\Nodist\bin\node_modules\npm\node_modules\npm-registry-client\lib\request.js:264:12)
41 verbose stack     at CachingRegistryClient.<anonymous> (C:\Program Files (x86)\Nodist\bin\node_modules\npm\node_modules\npm-registry-client\lib\request.js:242:14)
41 verbose stack     at Request._callback (C:\Program Files (x86)\Nodist\bin\node_modules\npm\node_modules\npm-registry-client\lib\request.js:172:14)
41 verbose stack     at Request.self.callback (C:\Program Files (x86)\Nodist\bin\node_modules\npm\node_modules\request\request.js:198:22)
41 verbose stack     at emitTwo (events.js:87:13)
41 verbose stack     at Request.emit (events.js:172:7)
41 verbose stack     at Request.<anonymous> (C:\Program Files (x86)\Nodist\bin\node_modules\npm\node_modules\request\request.js:1063:14)
41 verbose stack     at emitOne (events.js:82:20)
41 verbose stack     at Request.emit (events.js:169:7)
41 verbose stack     at IncomingMessage.<anonymous> (C:\Program Files (x86)\Nodist\bin\node_modules\npm\node_modules\request\request.js:1009:12)
42 verbose statusCode 404
43 verbose pkgid node-libxslt
44 verbose cwd C:\Users\Ernestukas\Desktop\Relevant_apps\Projects\Simple_Messager
45 error Windows_NT 10.0.10240
46 error argv "C:\\Program Files (x86)\\nodejs\\node.exe" "C:\\Program Files (x86)\\Nodist\\bin\\node_modules\\npm\\bin\\npm-cli.js" "install" "--save" "node-libxslt"
47 error node v4.2.2
48 error npm  v2.14.7
49 error code E404
50 error 404 Registry returned 404 for GET on https://registry.npmjs.org/node-libxslt
50 error 404
50 error 404 'node-libxslt' is not in the npm registry.
50 error 404 You should bug the author to publish it (or use the name yourself!)
50 error 404 It was specified as a dependency of 'simple_xml_messager'
50 error 404
50 error 404 Note that you can also install from a
50 error 404 tarball, folder, http url, or git url.
51 verbose exit [ 1, true ]
